<?xml version="1.0" encoding="UTF-8"?>
<robot generator="Robot 6.1.1 (Python 3.12.0 on win32)" generated="20231220 17:16:12.363" rpa="false" schemaversion="4">
<suite id="s1" name="FlipKartTeest" source="C:\Users\user\Documents\FilpKart_RF\TestCases\FlipKartTeest.robot">
<test id="s1-t1" name="Open Browser To FilpKart" line="7">
<kw name="Open Browser To FilpKart" library="keywords">
<kw name="Open Browser" library="SeleniumLibrary">
<arg>${FilpKart_Url}</arg>
<arg>gc</arg>
<doc>Opens a new browser instance to the optional ``url``.</doc>
<msg timestamp="20231220 17:16:12.556" level="INFO">Opening browser 'gc' to base url 'https://www.flipkart.com/'.</msg>
<status status="PASS" starttime="20231220 17:16:12.556" endtime="20231220 17:16:15.813"/>
</kw>
<kw name="Sleep" library="BuiltIn">
<arg>4s</arg>
<doc>Pauses the test executed for the given time.</doc>
<msg timestamp="20231220 17:16:19.814" level="INFO">Slept 4 seconds</msg>
<status status="PASS" starttime="20231220 17:16:15.813" endtime="20231220 17:16:19.814"/>
</kw>
<kw name="Maximize Browser Window" library="SeleniumLibrary">
<doc>Maximizes current browser window.</doc>
<status status="PASS" starttime="20231220 17:16:19.814" endtime="20231220 17:16:19.953"/>
</kw>
<status status="PASS" starttime="20231220 17:16:12.555" endtime="20231220 17:16:19.953"/>
</kw>
<kw name="Maximize Browser Window" library="SeleniumLibrary">
<doc>Maximizes current browser window.</doc>
<status status="PASS" starttime="20231220 17:16:19.955" endtime="20231220 17:16:20.012"/>
</kw>
<status status="PASS" starttime="20231220 17:16:12.554" endtime="20231220 17:16:20.013"/>
</test>
<test id="s1-t2" name="Navigate to Electronics Section" line="11">
<kw name="Click On Element" library="keywords">
<arg>${Click on close}</arg>
<kw name="Wait Until Element Is Visible" library="SeleniumLibrary">
<arg>${xpath}</arg>
<arg>3</arg>
<doc>Waits until the element ``locator`` is visible.</doc>
<status status="PASS" starttime="20231220 17:16:20.015" endtime="20231220 17:16:20.065"/>
</kw>
<kw name="Click Element" library="SeleniumLibrary">
<arg>${xpath}</arg>
<doc>Click the element identified by ``locator``.</doc>
<msg timestamp="20231220 17:16:20.065" level="INFO">Clicking element '//div[@class='fbDBuK _3CYmv5']//SPAN[@CLASS="_30XB9F"]'.</msg>
<status status="PASS" starttime="20231220 17:16:20.065" endtime="20231220 17:16:20.174"/>
</kw>
<status status="PASS" starttime="20231220 17:16:20.014" endtime="20231220 17:16:20.174"/>
</kw>
<kw name="Click On Element" library="keywords">
<arg>${Click on Electronics}</arg>
<kw name="Wait Until Element Is Visible" library="SeleniumLibrary">
<arg>${xpath}</arg>
<arg>3</arg>
<doc>Waits until the element ``locator`` is visible.</doc>
<status status="PASS" starttime="20231220 17:16:20.175" endtime="20231220 17:16:20.267"/>
</kw>
<kw name="Click Element" library="SeleniumLibrary">
<arg>${xpath}</arg>
<doc>Click the element identified by ``locator``.</doc>
<msg timestamp="20231220 17:16:20.268" level="INFO">Clicking element '//div[@class='YBLJE4']//span[text()='Mobiles']'.</msg>
<status status="PASS" starttime="20231220 17:16:20.267" endtime="20231220 17:16:21.419"/>
</kw>
<status status="PASS" starttime="20231220 17:16:20.174" endtime="20231220 17:16:21.419"/>
</kw>
<kw name="Mouse Over" library="SeleniumLibrary">
<arg>${hover on Mobile}</arg>
<doc>Simulates hovering the mouse over the element ``locator``.</doc>
<msg timestamp="20231220 17:16:21.425" level="INFO">Simulating Mouse Over on element '//*[@id="container"]//div/span[@class='_2I9KP_' and text()='Electronics']'.</msg>
<status status="PASS" starttime="20231220 17:16:21.424" endtime="20231220 17:16:21.865"/>
</kw>
<kw name="Click On Element" library="keywords">
<arg>${Click on Mi}</arg>
<kw name="Wait Until Element Is Visible" library="SeleniumLibrary">
<arg>${xpath}</arg>
<arg>3</arg>
<doc>Waits until the element ``locator`` is visible.</doc>
<status status="PASS" starttime="20231220 17:16:21.866" endtime="20231220 17:16:21.932"/>
</kw>
<kw name="Click Element" library="SeleniumLibrary">
<arg>${xpath}</arg>
<doc>Click the element identified by ``locator``.</doc>
<msg timestamp="20231220 17:16:21.933" level="INFO">Clicking element '//div[@class='_1fwVde']//a[@title='Mi']'.</msg>
<status status="PASS" starttime="20231220 17:16:21.932" endtime="20231220 17:16:22.033"/>
</kw>
<status status="PASS" starttime="20231220 17:16:21.866" endtime="20231220 17:16:22.033"/>
</kw>
<kw name="Scroll Page">
<arg>0</arg>
<arg>700</arg>
<kw name="Execute Javascript" library="SeleniumLibrary">
<arg>window.scrollBy(${x_offset},${y_offset});</arg>
<doc>Executes the given JavaScript code with possible arguments.</doc>
<msg timestamp="20231220 17:16:22.035" level="INFO">Executing JavaScript:
window.scrollBy(0,700);
Without any arguments.</msg>
<status status="PASS" starttime="20231220 17:16:22.035" endtime="20231220 17:16:22.129"/>
</kw>
<status status="PASS" starttime="20231220 17:16:22.035" endtime="20231220 17:16:22.129"/>
</kw>
<kw name="Click On Element" library="keywords">
<arg>${Click on Remi11}</arg>
<kw name="Wait Until Element Is Visible" library="SeleniumLibrary">
<arg>${xpath}</arg>
<arg>3</arg>
<doc>Waits until the element ``locator`` is visible.</doc>
<status status="PASS" starttime="20231220 17:16:22.131" endtime="20231220 17:16:23.017"/>
</kw>
<kw name="Click Element" library="SeleniumLibrary">
<arg>${xpath}</arg>
<doc>Click the element identified by ``locator``.</doc>
<msg timestamp="20231220 17:16:23.017" level="INFO">Clicking element '//*[@id="container"]//div[@class='_4rR01T' and text()='Xiaomi 11i 5G (Purple Mist, 128 GB)']'.</msg>
<status status="PASS" starttime="20231220 17:16:23.017" endtime="20231220 17:16:23.178"/>
</kw>
<status status="PASS" starttime="20231220 17:16:22.130" endtime="20231220 17:16:23.178"/>
</kw>
<kw name="Get Text" library="SeleniumLibrary">
<var>${itemname}</var>
<arg>${Click on Remi11}</arg>
<doc>Returns the text value of the element identified by ``locator``.</doc>
<msg timestamp="20231220 17:16:23.219" level="INFO">${itemname} = Xiaomi 11i 5G (Purple Mist, 128 GB)</msg>
<status status="PASS" starttime="20231220 17:16:23.178" endtime="20231220 17:16:23.219"/>
</kw>
<kw name="Log To Console" library="BuiltIn">
<arg>${itemname}</arg>
<doc>Logs the given message to the console.</doc>
<status status="PASS" starttime="20231220 17:16:23.220" endtime="20231220 17:16:23.220"/>
</kw>
<kw name="Log" library="BuiltIn">
<arg>${itemname}</arg>
<doc>Logs the given message with the given level.</doc>
<msg timestamp="20231220 17:16:23.223" level="INFO">Xiaomi 11i 5G (Purple Mist, 128 GB)</msg>
<status status="PASS" starttime="20231220 17:16:23.222" endtime="20231220 17:16:23.223"/>
</kw>
<kw name="Get Window Handles" library="SeleniumLibrary">
<var>${windows}</var>
<doc>Returns all child window handles of the selected browser as a list.</doc>
<msg timestamp="20231220 17:16:23.242" level="INFO">${windows} = ['C803121295E45E92E2B1AAE73C19BCE6', 'F514952B6CEAB41EC238A5092C879A0D']</msg>
<status status="PASS" starttime="20231220 17:16:23.224" endtime="20231220 17:16:23.242"/>
</kw>
<kw name="Log To Console" library="BuiltIn">
<arg>${windows}</arg>
<doc>Logs the given message to the console.</doc>
<status status="PASS" starttime="20231220 17:16:23.243" endtime="20231220 17:16:23.243"/>
</kw>
<kw name="Log To Console" library="BuiltIn">
<arg>${windows[1]}</arg>
<doc>Logs the given message to the console.</doc>
<status status="PASS" starttime="20231220 17:16:23.244" endtime="20231220 17:16:23.245"/>
</kw>
<kw name="Switch Window" library="SeleniumLibrary">
<arg>${windows[1]}</arg>
<doc>Switches to browser window matching ``locator``.</doc>
<status status="PASS" starttime="20231220 17:16:23.247" endtime="20231220 17:16:23.359"/>
</kw>
<kw name="Sleep" library="BuiltIn">
<arg>2s</arg>
<doc>Pauses the test executed for the given time.</doc>
<msg timestamp="20231220 17:16:25.360" level="INFO">Slept 2 seconds</msg>
<status status="PASS" starttime="20231220 17:16:23.360" endtime="20231220 17:16:25.360"/>
</kw>
<kw name="Scroll Page">
<arg>0</arg>
<arg>100</arg>
<kw name="Execute Javascript" library="SeleniumLibrary">
<arg>window.scrollBy(${x_offset},${y_offset});</arg>
<doc>Executes the given JavaScript code with possible arguments.</doc>
<msg timestamp="20231220 17:16:25.362" level="INFO">Executing JavaScript:
window.scrollBy(0,100);
Without any arguments.</msg>
<status status="PASS" starttime="20231220 17:16:25.361" endtime="20231220 17:16:25.380"/>
</kw>
<status status="PASS" starttime="20231220 17:16:25.361" endtime="20231220 17:16:25.380"/>
</kw>
<kw name="Click On Element" library="keywords">
<arg>${Add to cart}</arg>
<kw name="Wait Until Element Is Visible" library="SeleniumLibrary">
<arg>${xpath}</arg>
<arg>3</arg>
<doc>Waits until the element ``locator`` is visible.</doc>
<status status="PASS" starttime="20231220 17:16:25.382" endtime="20231220 17:16:25.428"/>
</kw>
<kw name="Click Element" library="SeleniumLibrary">
<arg>${xpath}</arg>
<doc>Click the element identified by ``locator``.</doc>
<msg timestamp="20231220 17:16:25.429" level="INFO">Clicking element '//*[@id="container"]/div/div[3]/div[1]/div[1]/div[2]/div/ul/li[1]/button'.</msg>
<status status="PASS" starttime="20231220 17:16:25.428" endtime="20231220 17:16:25.491"/>
</kw>
<status status="PASS" starttime="20231220 17:16:25.382" endtime="20231220 17:16:25.492"/>
</kw>
<kw name="Sleep" library="BuiltIn">
<arg>2s</arg>
<doc>Pauses the test executed for the given time.</doc>
<msg timestamp="20231220 17:16:27.493" level="INFO">Slept 2 seconds</msg>
<status status="PASS" starttime="20231220 17:16:25.492" endtime="20231220 17:16:27.493"/>
</kw>
<kw name="Click On Element" library="keywords">
<arg>${HomePage}</arg>
<kw name="Wait Until Element Is Visible" library="SeleniumLibrary">
<arg>${xpath}</arg>
<arg>3</arg>
<doc>Waits until the element ``locator`` is visible.</doc>
<status status="PASS" starttime="20231220 17:16:27.495" endtime="20231220 17:16:27.543"/>
</kw>
<kw name="Click Element" library="SeleniumLibrary">
<arg>${xpath}</arg>
<doc>Click the element identified by ``locator``.</doc>
<msg timestamp="20231220 17:16:27.543" level="INFO">Clicking element '//*[@id="container"]/div/div[1]/div[1]/div[2]/div[1]/div/a[1]/img'.</msg>
<status status="PASS" starttime="20231220 17:16:27.543" endtime="20231220 17:16:29.698"/>
</kw>
<status status="PASS" starttime="20231220 17:16:27.495" endtime="20231220 17:16:29.698"/>
</kw>
<kw name="Click On Element" library="keywords">
<arg>${Click on close}</arg>
<kw name="Wait Until Element Is Visible" library="SeleniumLibrary">
<arg>${xpath}</arg>
<arg>3</arg>
<doc>Waits until the element ``locator`` is visible.</doc>
<status status="PASS" starttime="20231220 17:16:29.699" endtime="20231220 17:16:29.783"/>
</kw>
<kw name="Click Element" library="SeleniumLibrary">
<arg>${xpath}</arg>
<doc>Click the element identified by ``locator``.</doc>
<msg timestamp="20231220 17:16:29.783" level="INFO">Clicking element '//div[@class='fbDBuK _3CYmv5']//SPAN[@CLASS="_30XB9F"]'.</msg>
<status status="PASS" starttime="20231220 17:16:29.783" endtime="20231220 17:16:29.862"/>
</kw>
<status status="PASS" starttime="20231220 17:16:29.698" endtime="20231220 17:16:29.862"/>
</kw>
<kw name="Click On Element" library="keywords">
<arg>${Cart}</arg>
<kw name="Wait Until Element Is Visible" library="SeleniumLibrary">
<arg>${xpath}</arg>
<arg>3</arg>
<doc>Waits until the element ``locator`` is visible.</doc>
<status status="PASS" starttime="20231220 17:16:29.863" endtime="20231220 17:16:29.916"/>
</kw>
<kw name="Click Element" library="SeleniumLibrary">
<arg>${xpath}</arg>
<doc>Click the element identified by ``locator``.</doc>
<msg timestamp="20231220 17:16:29.916" level="INFO">Clicking element '//*[@id="container"]//div[@class='_38VF5e']/a[@title='Cart' and text()='Cart']'.</msg>
<status status="PASS" starttime="20231220 17:16:29.916" endtime="20231220 17:16:30.397"/>
</kw>
<status status="PASS" starttime="20231220 17:16:29.863" endtime="20231220 17:16:30.397"/>
</kw>
<kw name="Get Text" library="SeleniumLibrary">
<var>${itemincart}</var>
<arg>${verifycart}</arg>
<doc>Returns the text value of the element identified by ``locator``.</doc>
<msg timestamp="20231220 17:16:30.689" level="INFO" html="true">&lt;/td&gt;&lt;/tr&gt;&lt;tr&gt;&lt;td colspan="3"&gt;&lt;a href="selenium-screenshot-71.png"&gt;&lt;img src="selenium-screenshot-71.png" width="800px"&gt;&lt;/a&gt;</msg>
<msg timestamp="20231220 17:16:30.689" level="FAIL">Element with locator '//*[@id="container"]//div[@class='_2-uG6-']/a[text()='Xiaomi 11i Hypercharge 5G (Stealth Black, 128 GB)']' not found.</msg>
<status status="FAIL" starttime="20231220 17:16:30.398" endtime="20231220 17:16:30.746"/>
</kw>
<kw name="convert to">
<var>${cartvalue}</var>
<arg>string</arg>
<arg>${itemincart}</arg>
<status status="NOT RUN" starttime="20231220 17:16:30.752" endtime="20231220 17:16:30.752"/>
</kw>
<kw name="Convert To String" library="BuiltIn">
<var>${Itemvalue}</var>
<arg>${itemname}</arg>
<doc>Converts the given item to a Unicode string.</doc>
<status status="NOT RUN" starttime="20231220 17:16:30.755" endtime="20231220 17:16:30.755"/>
</kw>
<kw name="Log To Console" library="BuiltIn">
<arg>${cartvalue}</arg>
<doc>Logs the given message to the console.</doc>
<status status="NOT RUN" starttime="20231220 17:16:30.756" endtime="20231220 17:16:30.756"/>
</kw>
<kw name="Log To Console" library="BuiltIn">
<arg>${Itemvalue}</arg>
<doc>Logs the given message to the console.</doc>
<status status="NOT RUN" starttime="20231220 17:16:30.757" endtime="20231220 17:16:30.757"/>
</kw>
<kw name="Should Be Equal As Strings" library="BuiltIn">
<arg>${cartvalue}</arg>
<arg>${Itemvalue}</arg>
<doc>Fails if objects are unequal after converting them to strings.</doc>
<status status="NOT RUN" starttime="20231220 17:16:30.757" endtime="20231220 17:16:30.758"/>
</kw>
<kw name="Sleep" library="BuiltIn">
<arg>3s</arg>
<doc>Pauses the test executed for the given time.</doc>
<status status="NOT RUN" starttime="20231220 17:16:30.758" endtime="20231220 17:16:30.758"/>
</kw>
<status status="FAIL" starttime="20231220 17:16:20.014" endtime="20231220 17:16:30.758">Element with locator '//*[@id="container"]//div[@class='_2-uG6-']/a[text()='Xiaomi 11i Hypercharge 5G (Stealth Black, 128 GB)']' not found.</status>
</test>
<doc>Example tests for Flipkart</doc>
<status status="FAIL" starttime="20231220 17:16:12.364" endtime="20231220 17:16:30.761"/>
</suite>
<statistics>
<total>
<stat pass="1" fail="1" skip="0">All Tests</stat>
</total>
<tag>
</tag>
<suite>
<stat pass="1" fail="1" skip="0" id="s1" name="FlipKartTeest">FlipKartTeest</stat>
</suite>
</statistics>
<errors>
</errors>
</robot>
